[debug] [2019-02-15T12:33:12.347Z] ----------------------------------------------------------------------
[debug] [2019-02-15T12:33:12.351Z] Command:       /usr/local/bin/node /usr/local/bin/firebase deploy
[debug] [2019-02-15T12:33:12.351Z] CLI Version:   3.17.4
[debug] [2019-02-15T12:33:12.351Z] Platform:      darwin
[debug] [2019-02-15T12:33:12.351Z] Node Version:  v10.10.0
[debug] [2019-02-15T12:33:12.371Z] Time:          Fri Feb 15 2019 19:33:12 GMT+0700 (Indochina Time)
[debug] [2019-02-15T12:33:12.371Z] ----------------------------------------------------------------------
[debug] 
[debug] [2019-02-15T12:33:12.400Z] > command requires scopes: ["email","openid","https://www.googleapis.com/auth/cloudplatformprojects.readonly","https://www.googleapis.com/auth/firebase","https://www.googleapis.com/auth/cloud-platform"]
[debug] [2019-02-15T12:33:12.401Z] > authorizing via signed-in user
[debug] [2019-02-15T12:33:12.403Z] > refreshing access token with scopes: ["email","https://www.googleapis.com/auth/cloud-platform","https://www.googleapis.com/auth/cloudplatformprojects.readonly","https://www.googleapis.com/auth/firebase","openid"]
[debug] [2019-02-15T12:33:12.404Z] >>> HTTP REQUEST POST https://www.googleapis.com/oauth2/v3/token  
 { refresh_token:
   '1/XGNkZTy9J-au05TAmagyncv_SydBl4JEGPb5OsoE-QH9KljC7GwbcyrTRxDRx4lX',
  client_id:
   '563584335869-fgrhgmd47bqnekij5i8b5pr03ho849e6.apps.googleusercontent.com',
  client_secret: 'j9iVZfS8kkCEFUPaAeJV0sAi',
  grant_type: 'refresh_token',
  scope:
   'email https://www.googleapis.com/auth/cloud-platform https://www.googleapis.com/auth/cloudplatformprojects.readonly https://www.googleapis.com/auth/firebase openid' } 
 Fri Feb 15 2019 19:33:12 GMT+0700 (Indochina Time)
[debug] [2019-02-15T12:33:13.811Z] <<< HTTP RESPONSE 200
[debug] [2019-02-15T12:33:13.846Z] >>> HTTP REQUEST GET https://admin.firebase.com/v1/projects/travela-dev-54075  
  
 Fri Feb 15 2019 19:33:13 GMT+0700 (Indochina Time)
[debug] [2019-02-15T12:33:18.220Z] <<< HTTP RESPONSE 200
[debug] [2019-02-15T12:33:18.222Z] >>> HTTP REQUEST GET https://admin.firebase.com/v1/database/travela-dev-54075/tokens  
  
 Fri Feb 15 2019 19:33:18 GMT+0700 (Indochina Time)
[debug] [2019-02-15T12:33:22.305Z] <<< HTTP RESPONSE 200
[info] 
[info] === Deploying to 'travela-dev-54075'...
[info] 
[info] i  deploying hosting
[info] i  hosting: preparing public directory for upload...
[debug] [2019-02-15T12:33:24.500Z] >>> HTTP REQUEST PUT https://deploy.firebase.com/v1/hosting/travela-dev-54075/uploads/-LYl8PZp1D0IwIu4ISBz?fileCount=125&message=  
  
 Fri Feb 15 2019 19:33:24 GMT+0700 (Indochina Time)
[debug] [2019-02-15T12:33:33.683Z] <<< HTTP RESPONSE 410
[debug] [2019-02-15T12:33:33.683Z] <<< HTTP RESPONSE BODY undefined
[debug] [2019-02-15T12:33:33.685Z] TypeError: Cannot read property 'error' of undefined
    at module.exports (/usr/local/lib/node_modules/firebase-tools/lib/responseToError.js:10:13)
    at Request._callback (/usr/local/lib/node_modules/firebase-tools/lib/api.js:45:25)
    at Request.self.callback (/usr/local/lib/node_modules/firebase-tools/node_modules/request/request.js:186:22)
    at Request.emit (events.js:182:13)
    at Request.EventEmitter.emit (domain.js:442:20)
    at Request.<anonymous> (/usr/local/lib/node_modules/firebase-tools/node_modules/request/request.js:1163:10)
    at Request.emit (events.js:182:13)
    at Request.EventEmitter.emit (domain.js:442:20)
    at IncomingMessage.<anonymous> (/usr/local/lib/node_modules/firebase-tools/node_modules/request/request.js:1085:12)
    at Object.onceWrapper (events.js:273:13)
[error] 
[error] Error: An unexpected error has occurred.
